
> @ph-emergency/api@0.0.0 build C:\Users\IC2\Desktop\Netlify Project Sample\packages\api
> tsup

[34mCLI[39m Building entry: src/index.ts
[34mCLI[39m Using tsconfig: tsconfig.json
[34mCLI[39m tsup v8.4.0
[34mCLI[39m Using tsup config: C:\Users\IC2\Desktop\Netlify Project Sample\packages\api\tsup.config.ts
[34mCLI[39m Target: es2018
[34mCLI[39m Cleaning output folder
[34mCJS[39m Build start
[34mESM[39m Build start
[32mESM[39m [1mdist\index.mjs     [22m[32m1.94 KB[39m
[32mESM[39m [1mdist\index.mjs.map [22m[32m6.13 KB[39m
[32mESM[39m ⚡️ Build success in 109ms
[32mCJS[39m [1mdist\index.js     [22m[32m2.14 KB[39m
[32mCJS[39m [1mdist\index.js.map [22m[32m6.12 KB[39m
[32mCJS[39m ⚡️ Build success in 110ms
[34mDTS[39m Build start
[32mDTS[39m ⚡️ Build success in 1895ms
[32mDTS[39m [1mdist\index.d.ts  [22m[32m6.40 KB[39m
[32mDTS[39m [1mdist\index.d.mts [22m[32m6.40 KB[39m
